#
# There is insufficient memory for the Java Runtime Environment to continue.
# Native memory allocation (malloc) failed to allocate 1048576 bytes for AllocateHeap
# Possible reasons:
#   The system is out of physical RAM or swap space
#   The process is running with CompressedOops enabled, and the Java Heap may be blocking the growth of the native heap
# Possible solutions:
#   Reduce memory load on the system
#   Increase physical memory or swap space
#   Check if swap backing store is full
#   Decrease Java heap size (-Xmx/-Xms)
#   Decrease number of Java threads
#   Decrease Java thread stack sizes (-Xss)
#   Set larger code cache with -XX:ReservedCodeCacheSize=
#   JVM is running with Unscaled Compressed Oops mode in which the Java heap is
#     placed in the first 4GB address space. The Java Heap base address is the
#     maximum limit for the native heap growth. Please use -XX:HeapBaseMinAddress
#     to set the Java Heap base and to place the Java Heap above 4GB virtual address.
# This output file may be truncated or incomplete.
#
#  Out of Memory Error (memory/allocation.inline.hpp:61), pid=30992, tid=0x0000000000008e4c
#
# JRE version:  (8.0_242-b01) (build )
# Java VM: OpenJDK 64-Bit Server VM (25.242-b01 mixed mode windows-amd64 compressed oops)
# Failed to write core dump. Minidumps are not enabled by default on client versions of Windows
#

---------------  T H R E A D  ---------------

Current thread (0x0000000003302800):  JavaThread "Unknown thread" [_thread_in_vm, id=36428, stack(0x0000000003170000,0x0000000003270000)]

Stack: [0x0000000003170000,0x0000000003270000]
[error occurred during error reporting (printing stack bounds), id 0xc0000005]

Native frames: (J=compiled Java code, j=interpreted, Vv=VM code, C=native code)


---------------  P R O C E S S  ---------------

Java Threads: ( => current thread )

Other Threads:

=>0x0000000003302800 (exited) JavaThread "Unknown thread" [_thread_in_vm, id=36428, stack(0x0000000003170000,0x0000000003270000)]

VM state:not at safepoint (normal execution)

VM Mutex/Monitor currently owned by a thread: None

heap address: 0x0000000081c00000, size: 2020 MB, Compressed Oops mode: 32-bit
Narrow klass base: 0x0000000000000000, Narrow klass shift: 3
Compressed class space size: 1073741824 Address: 0x0000000100000000

Heap:
 PSYoungGen      total 38400K, used 665K [0x00000000d5f00000, 0x00000000d8980000, 0x0000000100000000)
  eden space 33280K, 2% used [0x00000000d5f00000,0x00000000d5fa6670,0x00000000d7f80000)
  from space 5120K, 0% used [0x00000000d8480000,0x00000000d8480000,0x00000000d8980000)
  to   space 5120K, 0% used [0x00000000d7f80000,0x00000000d7f80000,0x00000000d8480000)
 ParOldGen       total 87552K, used 0K [0x0000000081c00000, 0x0000000087180000, 0x00000000d5f00000)
  object space 87552K, 0% used [0x0000000081c00000,0x0000000081c00000,0x0000000087180000)
 Metaspace       used 779K, capacity 4480K, committed 4480K, reserved 1056768K
  class space    used 74K, capacity 384K, committed 384K, reserved 1048576K

Card table byte_map: [0x00000000127c0000,0x0000000012bc0000] byte_map_base: 0x00000000123b2000

Marking Bits: (ParMarkBitMap*) 0x0000000077adf030
 Begin Bits: [0x0000000013670000, 0x0000000015600000)
 End Bits:   [0x0000000015600000, 0x0000000017590000)

Polling page: 0x0000000001970000

CodeCache: size=245760Kb used=328Kb max_used=328Kb free=245431Kb
 bounds [0x0000000003400000, 0x0000000003670000, 0x0000000012400000]
 total_blobs=57 nmethods=0 adapters=38
 compilation: enabled

Compilation events (0 events):
No events

GC Heap History (0 events):
No events

Deoptimization events (0 events):
No events

Classes redefined (0 events):
No events

Internal exceptions (0 events):
No events

Events (10 events):
Event: 0.044 loading class java/lang/Short
Event: 0.044 loading class java/lang/Short done
Event: 0.044 loading class java/lang/Integer
Event: 0.045 loading class java/lang/Integer done
Event: 0.045 loading class java/lang/Long
Event: 0.045 loading class java/lang/Long done
Event: 0.046 loading class java/lang/NullPointerException
Event: 0.046 loading class java/lang/NullPointerException done
Event: 0.046 loading class java/lang/ArithmeticException
Event: 0.046 loading class java/lang/ArithmeticException done


Dynamic libraries:
0x00007ff6173c0000 - 0x00007ff6173f1000 	C:\Program Files\Android\Android Studio\jre\bin\java.EXE
0x00007ffb2f390000 - 0x00007ffb2f585000 	C:\WINDOWS\SYSTEM32\ntdll.dll
0x00007ffb2e830000 - 0x00007ffb2e8ed000 	C:\WINDOWS\System32\KERNEL32.DLL
0x00007ffb2cf20000 - 0x00007ffb2d1e9000 	C:\WINDOWS\System32\KERNELBASE.dll
0x00007ffb2d980000 - 0x00007ffb2da2c000 	C:\WINDOWS\System32\ADVAPI32.dll
0x00007ffb2e530000 - 0x00007ffb2e5ce000 	C:\WINDOWS\System32\msvcrt.dll
0x00007ffb2e350000 - 0x00007ffb2e3ec000 	C:\WINDOWS\System32\sechost.dll
0x00007ffb2da30000 - 0x00007ffb2db5b000 	C:\WINDOWS\System32\RPCRT4.dll
0x00007ffb2e050000 - 0x00007ffb2e1f0000 	C:\WINDOWS\System32\USER32.dll
0x00007ffb2d2f0000 - 0x00007ffb2d312000 	C:\WINDOWS\System32\win32u.dll
0x00007ffb2d4e0000 - 0x00007ffb2d50a000 	C:\WINDOWS\System32\GDI32.dll
0x00007ffb2cd90000 - 0x00007ffb2ce9b000 	C:\WINDOWS\System32\gdi32full.dll
0x00007ffb2d320000 - 0x00007ffb2d3bd000 	C:\WINDOWS\System32\msvcp_win.dll
0x00007ffb2cb30000 - 0x00007ffb2cc30000 	C:\WINDOWS\System32\ucrtbase.dll
0x00007ffb168e0000 - 0x00007ffb16b7a000 	C:\WINDOWS\WinSxS\amd64_microsoft.windows.common-controls_6595b64144ccf1df_6.0.19041.844_none_ca00b6081b84eb1d\COMCTL32.dll
0x00007ffb2e320000 - 0x00007ffb2e350000 	C:\WINDOWS\System32\IMM32.DLL
0x0000000050bc0000 - 0x0000000050c92000 	C:\Program Files\Android\Android Studio\jre\jre\bin\msvcr100.dll
0x0000000077310000 - 0x0000000077b5b000 	C:\Program Files\Android\Android Studio\jre\jre\bin\server\jvm.dll
0x00007ffb2db60000 - 0x00007ffb2db68000 	C:\WINDOWS\System32\PSAPI.DLL
0x00007ffb07d30000 - 0x00007ffb07d39000 	C:\WINDOWS\SYSTEM32\WSOCK32.dll
0x00007ffb2a270000 - 0x00007ffb2a27a000 	C:\WINDOWS\SYSTEM32\VERSION.dll
0x00007ffb105a0000 - 0x00007ffb105c7000 	C:\WINDOWS\SYSTEM32\WINMM.dll
0x00007ffb2e4c0000 - 0x00007ffb2e52b000 	C:\WINDOWS\System32\WS2_32.dll
0x00007ffb29570000 - 0x00007ffb2957f000 	C:\Program Files\Android\Android Studio\jre\jre\bin\verify.dll
0x00007ffb27a90000 - 0x00007ffb27ab9000 	C:\Program Files\Android\Android Studio\jre\jre\bin\java.dll
0x00007ffb28b10000 - 0x00007ffb28b26000 	C:\Program Files\Android\Android Studio\jre\jre\bin\zip.dll

VM Arguments:
java_command: <unknown>
java_class_path (initial): .
Launcher Type: SUN_STANDARD

Environment Variables:
JAVA_HOME=C:\Program Files\Java\jdk1.8.0_201
PATH=C:\Program Files (x86)\Common Files\Oracle\Java\javapath;C:\Program Files (x86)\Intel\Intel(R) Management Engine Components\iCLS\;C:\Program Files\Intel\Intel(R) Management Engine Components\iCLS\;C:\windows\system32;C:\windows;C:\windows\System32\Wbem;C:\windows\System32\WindowsPowerShell\v1.0\;C:\Program Files (x86)\Intel\Intel(R) Management Engine Components\DAL;C:\Program Files\Intel\Intel(R) Management Engine Components\DAL;C:\Program Files (x86)\Intel\Intel(R) Management Engine Components\IPT;C:\Program Files\Intel\Intel(R) Management Engine Components\IPT;C:\Program Files (x86)\NVIDIA Corporation\PhysX\Common;C:\WINDOWS\system32;C:\WINDOWS;C:\WINDOWS\System32\Wbem;C:\WINDOWS\System32\WindowsPowerShell\v1.0\;C:\WINDOWS\System32\OpenSSH\;C:\Program Files\Java\jdk1.8.0_201\bin;C:\Program Files\Java\jre1.8.0_201\bin;C:\Program Files\NVIDIA Corporation\NVIDIA NvDLISR;C:\Program Files\Microsoft SQL Server\130\Tools\Binn\;C:\Program Files\dotnet\;C:\Program Files\Microsoft SQL Server\Client SDK\ODBC\170\Tools\Binn\;C:\Program Files\nodejs\;C:\ProgramData\chocolatey\bin;C:\WINDOWS\system32;C:\WINDOWS;C:\WINDOWS\System32\Wbem;C:\WINDOWS\System32\WindowsPowerShell\v1.0\;C:\WINDOWS\System32\OpenSSH\;C:\Users\דורין דומין\AppData\Local\Programs\Python\Python36\Scripts\;C:\Program Files\Docker\Docker\resources\bin;C:\ProgramData\DockerDesktop\version-bin;C:\Program Files\Git\cmd;C:\Users\97254\AppData\Local\Programs\Python\Python38-32\Scripts\;C:\Users\97254\AppData\Local\Programs\Python\Python38-32\;C:\Users\97254\AppData\Local\Microsoft\WindowsApps;C:\src\flutter\bin;;C:\src\flutter\bin\mingit\cmd
USERNAME=97254
OS=Windows_NT
PROCESSOR_IDENTIFIER=Intel64 Family 6 Model 142 Stepping 10, GenuineIntel



---------------  S Y S T E M  ---------------

OS: Windows 10.0 , 64 bit Build 19041 (10.0.19041.804)

CPU:total 8 (initial active 8) (4 cores per cpu, 2 threads per core) family 6 model 142 stepping 10, cmov, cx8, fxsr, mmx, sse, sse2, sse3, ssse3, sse4.1, sse4.2, popcnt, avx, avx2, aes, clmul, erms, 3dnowpref, lzcnt, ht, tsc, tscinvbit, bmi1, bmi2, adx

Memory: 4k page, physical 8266212k(727836k free), swap 27622580k(6096k free)

vm_info: OpenJDK 64-Bit Server VM (25.242-b01) for windows-amd64 JRE (1.8.0_242-release-1644-b01), built by "builder" with MS VC++ 10.0 (VS2010)

time: Mon Apr 12 19:38:31 2021
timezone: שעון קיץ ירושלים
elapsed time: 0 seconds (0d 0h 0m 0s)

